<?xml version="1.0" encoding="UTF-8"?>
<!-- Generated by org.testng.reporters.JUnitReportReporter -->
<testsuite hostname="DESKTOP-0TQ5S43" failures="0" tests="1" name="testClasses.MagentoSignInPage_testClass" time="3.960" errors="0" timestamp="2025-04-27T13:15:38 CEST" skipped="0">
  <testcase classname="testClasses.MagentoSignInPage_testClass" name="clickSignIn" time="3.960"/>
  <system-out/>
</testsuite> <!-- testClasses.MagentoSignInPage_testClass -->
