<?xml version="1.0" encoding="UTF-8"?>
<!-- Generated by org.testng.reporters.JUnitReportReporter -->
<testsuite hostname="DESKTOP-0TQ5S43" failures="0" tests="2" name="testClasses.MagentoHomePage_testClass" time="19.807" errors="0" timestamp="2025-04-27T11:09:38 CEST" skipped="0">
  <testcase classname="testClasses.MagentoHomePage_testClass" name="CreateAnAccountUnsuccess" time="8.500"/>
  <system-out/>
  <testcase classname="testClasses.MagentoHomePage_testClass" name="CreateAnAccountSuccess" time="11.307"/>
  <system-out/>
</testsuite> <!-- testClasses.MagentoHomePage_testClass -->
