<?xml version="1.0" encoding="UTF-8"?>
<!-- Generated by org.testng.reporters.JUnitReportReporter -->
<testsuite hostname="DESKTOP-0TQ5S43" failures="0" tests="3" name="testClasses.MagentoShipping_testClass" time="26.984" errors="0" timestamp="2025-04-27T13:15:16 CEST" skipped="0">
  <testcase classname="testClasses.MagentoShipping_testClass" name="shippingForm" time="3.911"/>
  <system-out/>
  <testcase classname="testClasses.MagentoShipping_testClass" name="checkout" time="6.553"/>
  <system-out/>
  <testcase classname="testClasses.MagentoShipping_testClass" name="shipping" time="16.520"/>
  <system-out/>
</testsuite> <!-- testClasses.MagentoShipping_testClass -->
